[2m2022-05-21 16:00:07.856[0;39m [32m INFO[0;39m [35m11828[0;39m [2m---[0;39m [2m[  restartedMain][0;39m [36mcom.ssafy.happyhouse.VueApiApplication  [0;39m [2m:[0;39m Starting VueApiApplication using Java 1.8.0_192 on cheol with PID 11828 (C:\SSAFY\workspace\06_Spring_01\HHAPI\target\classes started by cheol in C:\SSAFY\workspace\06_Spring_01\HHAPI)
[2m2022-05-21 16:00:07.863[0;39m [32m INFO[0;39m [35m11828[0;39m [2m---[0;39m [2m[  restartedMain][0;39m [36mcom.ssafy.happyhouse.VueApiApplication  [0;39m [2m:[0;39m No active profile set, falling back to 1 default profile: "default"
[2m2022-05-21 16:00:07.898[0;39m [32m INFO[0;39m [35m11828[0;39m [2m---[0;39m [2m[  restartedMain][0;39m [36m.e.DevToolsPropertyDefaultsPostProcessor[0;39m [2m:[0;39m Devtools property defaults active! Set 'spring.devtools.add-properties' to 'false' to disable
[2m2022-05-21 16:00:07.898[0;39m [32m INFO[0;39m [35m11828[0;39m [2m---[0;39m [2m[  restartedMain][0;39m [36m.e.DevToolsPropertyDefaultsPostProcessor[0;39m [2m:[0;39m For additional web related logging consider setting the 'logging.level.web' property to 'DEBUG'
[2m2022-05-21 16:00:09.151[0;39m [32m INFO[0;39m [35m11828[0;39m [2m---[0;39m [2m[  restartedMain][0;39m [36mo.s.b.w.embedded.tomcat.TomcatWebServer [0;39m [2m:[0;39m Tomcat initialized with port(s): 9999 (http)
[2m2022-05-21 16:00:09.159[0;39m [32m INFO[0;39m [35m11828[0;39m [2m---[0;39m [2m[  restartedMain][0;39m [36mo.a.coyote.http11.Http11NioProtocol     [0;39m [2m:[0;39m Initializing ProtocolHandler ["http-nio-9999"]
[2m2022-05-21 16:00:09.159[0;39m [32m INFO[0;39m [35m11828[0;39m [2m---[0;39m [2m[  restartedMain][0;39m [36mo.apache.catalina.core.StandardService  [0;39m [2m:[0;39m Starting service [Tomcat]
[2m2022-05-21 16:00:09.160[0;39m [32m INFO[0;39m [35m11828[0;39m [2m---[0;39m [2m[  restartedMain][0;39m [36morg.apache.catalina.core.StandardEngine [0;39m [2m:[0;39m Starting Servlet engine: [Apache Tomcat/9.0.62]
[2m2022-05-21 16:00:09.230[0;39m [32m INFO[0;39m [35m11828[0;39m [2m---[0;39m [2m[  restartedMain][0;39m [36mo.a.c.c.C.[.[localhost].[/happyhouse]   [0;39m [2m:[0;39m Initializing Spring embedded WebApplicationContext
[2m2022-05-21 16:00:09.230[0;39m [32m INFO[0;39m [35m11828[0;39m [2m---[0;39m [2m[  restartedMain][0;39m [36mw.s.c.ServletWebServerApplicationContext[0;39m [2m:[0;39m Root WebApplicationContext: initialization completed in 1331 ms
[2m2022-05-21 16:00:09.969[0;39m [32m INFO[0;39m [35m11828[0;39m [2m---[0;39m [2m[  restartedMain][0;39m [36mo.s.b.d.a.OptionalLiveReloadServer      [0;39m [2m:[0;39m LiveReload server is running on port 35729
[2m2022-05-21 16:00:10.108[0;39m [32m INFO[0;39m [35m11828[0;39m [2m---[0;39m [2m[  restartedMain][0;39m [36mo.a.coyote.http11.Http11NioProtocol     [0;39m [2m:[0;39m Starting ProtocolHandler ["http-nio-9999"]
[2m2022-05-21 16:00:10.131[0;39m [32m INFO[0;39m [35m11828[0;39m [2m---[0;39m [2m[  restartedMain][0;39m [36mo.s.b.w.embedded.tomcat.TomcatWebServer [0;39m [2m:[0;39m Tomcat started on port(s): 9999 (http) with context path '/happyhouse'
[2m2022-05-21 16:00:10.391[0;39m [32m INFO[0;39m [35m11828[0;39m [2m---[0;39m [2m[  restartedMain][0;39m [36mcom.ssafy.happyhouse.VueApiApplication  [0;39m [2m:[0;39m Started VueApiApplication in 2.796 seconds (JVM running for 3.517)
[2m2022-05-21 16:00:41.414[0;39m [32m INFO[0;39m [35m11828[0;39m [2m---[0;39m [2m[nio-9999-exec-2][0;39m [36mo.a.c.c.C.[.[localhost].[/happyhouse]   [0;39m [2m:[0;39m Initializing Spring DispatcherServlet 'dispatcherServlet'
[2m2022-05-21 16:00:41.415[0;39m [32m INFO[0;39m [35m11828[0;39m [2m---[0;39m [2m[nio-9999-exec-2][0;39m [36mo.s.web.servlet.DispatcherServlet       [0;39m [2m:[0;39m Initializing Servlet 'dispatcherServlet'
[2m2022-05-21 16:00:41.416[0;39m [32m INFO[0;39m [35m11828[0;39m [2m---[0;39m [2m[nio-9999-exec-2][0;39m [36mo.s.web.servlet.DispatcherServlet       [0;39m [2m:[0;39m Completed initialization in 1 ms
[2m2022-05-21 16:00:41.464[0;39m [32m INFO[0;39m [35m11828[0;39m [2m---[0;39m [2m[nio-9999-exec-2][0;39m [36mcom.zaxxer.hikari.HikariDataSource      [0;39m [2m:[0;39m HikariPool-1 - Starting...
[2m2022-05-21 16:00:41.701[0;39m [32m INFO[0;39m [35m11828[0;39m [2m---[0;39m [2m[nio-9999-exec-2][0;39m [36mcom.zaxxer.hikari.HikariDataSource      [0;39m [2m:[0;39m HikariPool-1 - Start completed.
[2m2022-05-21 16:02:39.157[0;39m [32m INFO[0;39m [35m11828[0;39m [2m---[0;39m [2m[nio-9999-exec-7][0;39m [36mo.apache.coyote.http11.Http11Processor  [0;39m [2m:[0;39m Error parsing HTTP request header
 Note: further occurrences of HTTP request parsing errors will be logged at DEBUG level.

java.lang.IllegalArgumentException: Invalid character found in method name [0xfe0x01...]. HTTP method names must be tokens
	at org.apache.coyote.http11.Http11InputBuffer.parseRequestLine(Http11InputBuffer.java:419)
	at org.apache.coyote.http11.Http11Processor.service(Http11Processor.java:271)
	at org.apache.coyote.AbstractProcessorLight.process(AbstractProcessorLight.java:65)
	at org.apache.coyote.AbstractProtocol$ConnectionHandler.process(AbstractProtocol.java:890)
	at org.apache.tomcat.util.net.NioEndpoint$SocketProcessor.doRun(NioEndpoint.java:1743)
	at org.apache.tomcat.util.net.SocketProcessorBase.run(SocketProcessorBase.java:49)
	at org.apache.tomcat.util.threads.ThreadPoolExecutor.runWorker(ThreadPoolExecutor.java:1191)
	at org.apache.tomcat.util.threads.ThreadPoolExecutor$Worker.run(ThreadPoolExecutor.java:659)
	at org.apache.tomcat.util.threads.TaskThread$WrappingRunnable.run(TaskThread.java:61)
	at java.lang.Thread.run(Thread.java:748)

[2m2022-05-21 16:06:08.014[0;39m [32m INFO[0;39m [35m11828[0;39m [2m---[0;39m [2m[       Thread-6][0;39m [36mcom.zaxxer.hikari.HikariDataSource      [0;39m [2m:[0;39m HikariPool-1 - Shutdown initiated...
[2m2022-05-21 16:06:08.020[0;39m [32m INFO[0;39m [35m11828[0;39m [2m---[0;39m [2m[       Thread-6][0;39m [36mcom.zaxxer.hikari.HikariDataSource      [0;39m [2m:[0;39m HikariPool-1 - Shutdown completed.
[2m2022-05-21 16:06:08.149[0;39m [32m INFO[0;39m [35m11828[0;39m [2m---[0;39m [2m[  restartedMain][0;39m [36mcom.ssafy.happyhouse.VueApiApplication  [0;39m [2m:[0;39m Starting VueApiApplication using Java 1.8.0_192 on cheol with PID 11828 (C:\SSAFY\workspace\06_Spring_01\HHAPI\target\classes started by cheol in C:\SSAFY\workspace\06_Spring_01\HHAPI)
[2m2022-05-21 16:06:08.150[0;39m [32m INFO[0;39m [35m11828[0;39m [2m---[0;39m [2m[  restartedMain][0;39m [36mcom.ssafy.happyhouse.VueApiApplication  [0;39m [2m:[0;39m No active profile set, falling back to 1 default profile: "default"
[2m2022-05-21 16:06:08.749[0;39m [32m INFO[0;39m [35m11828[0;39m [2m---[0;39m [2m[  restartedMain][0;39m [36mo.s.b.w.embedded.tomcat.TomcatWebServer [0;39m [2m:[0;39m Tomcat initialized with port(s): 9999 (http)
[2m2022-05-21 16:06:08.750[0;39m [32m INFO[0;39m [35m11828[0;39m [2m---[0;39m [2m[  restartedMain][0;39m [36mo.a.coyote.http11.Http11NioProtocol     [0;39m [2m:[0;39m Initializing ProtocolHandler ["http-nio-9999"]
[2m2022-05-21 16:06:08.750[0;39m [32m INFO[0;39m [35m11828[0;39m [2m---[0;39m [2m[  restartedMain][0;39m [36mo.apache.catalina.core.StandardService  [0;39m [2m:[0;39m Starting service [Tomcat]
[2m2022-05-21 16:06:08.750[0;39m [32m INFO[0;39m [35m11828[0;39m [2m---[0;39m [2m[  restartedMain][0;39m [36morg.apache.catalina.core.StandardEngine [0;39m [2m:[0;39m Starting Servlet engine: [Apache Tomcat/9.0.62]
[2m2022-05-21 16:06:08.769[0;39m [32m INFO[0;39m [35m11828[0;39m [2m---[0;39m [2m[  restartedMain][0;39m [36mo.a.c.c.C.[.[localhost].[/happyhouse]   [0;39m [2m:[0;39m Initializing Spring embedded WebApplicationContext
[2m2022-05-21 16:06:08.769[0;39m [32m INFO[0;39m [35m11828[0;39m [2m---[0;39m [2m[  restartedMain][0;39m [36mw.s.c.ServletWebServerApplicationContext[0;39m [2m:[0;39m Root WebApplicationContext: initialization completed in 616 ms
[2m2022-05-21 16:06:08.942[0;39m [32m INFO[0;39m [35m11828[0;39m [2m---[0;39m [2m[  restartedMain][0;39m [36mo.s.b.d.a.OptionalLiveReloadServer      [0;39m [2m:[0;39m LiveReload server is running on port 35729
[2m2022-05-21 16:06:08.997[0;39m [32m INFO[0;39m [35m11828[0;39m [2m---[0;39m [2m[  restartedMain][0;39m [36mo.a.coyote.http11.Http11NioProtocol     [0;39m [2m:[0;39m Starting ProtocolHandler ["http-nio-9999"]
[2m2022-05-21 16:06:09.000[0;39m [32m INFO[0;39m [35m11828[0;39m [2m---[0;39m [2m[  restartedMain][0;39m [36mo.s.b.w.embedded.tomcat.TomcatWebServer [0;39m [2m:[0;39m Tomcat started on port(s): 9999 (http) with context path '/happyhouse'
[2m2022-05-21 16:06:09.115[0;39m [32m INFO[0;39m [35m11828[0;39m [2m---[0;39m [2m[  restartedMain][0;39m [36mcom.ssafy.happyhouse.VueApiApplication  [0;39m [2m:[0;39m Started VueApiApplication in 1.003 seconds (JVM running for 362.24)
[2m2022-05-21 16:06:09.117[0;39m [32m INFO[0;39m [35m11828[0;39m [2m---[0;39m [2m[  restartedMain][0;39m [36m.ConditionEvaluationDeltaLoggingListener[0;39m [2m:[0;39m Condition evaluation unchanged
[2m2022-05-21 16:06:13.829[0;39m [32m INFO[0;39m [35m11828[0;39m [2m---[0;39m [2m[  restartedMain][0;39m [36mcom.ssafy.happyhouse.VueApiApplication  [0;39m [2m:[0;39m Starting VueApiApplication using Java 1.8.0_192 on cheol with PID 11828 (C:\SSAFY\workspace\06_Spring_01\HHAPI\target\classes started by cheol in C:\SSAFY\workspace\06_Spring_01\HHAPI)
[2m2022-05-21 16:06:13.829[0;39m [32m INFO[0;39m [35m11828[0;39m [2m---[0;39m [2m[  restartedMain][0;39m [36mcom.ssafy.happyhouse.VueApiApplication  [0;39m [2m:[0;39m No active profile set, falling back to 1 default profile: "default"
[2m2022-05-21 16:06:14.237[0;39m [32m INFO[0;39m [35m11828[0;39m [2m---[0;39m [2m[  restartedMain][0;39m [36mo.s.b.w.embedded.tomcat.TomcatWebServer [0;39m [2m:[0;39m Tomcat initialized with port(s): 9999 (http)
[2m2022-05-21 16:06:14.238[0;39m [32m INFO[0;39m [35m11828[0;39m [2m---[0;39m [2m[  restartedMain][0;39m [36mo.a.coyote.http11.Http11NioProtocol     [0;39m [2m:[0;39m Initializing ProtocolHandler ["http-nio-9999"]
[2m2022-05-21 16:06:14.238[0;39m [32m INFO[0;39m [35m11828[0;39m [2m---[0;39m [2m[  restartedMain][0;39m [36mo.apache.catalina.core.StandardService  [0;39m [2m:[0;39m Starting service [Tomcat]
[2m2022-05-21 16:06:14.238[0;39m [32m INFO[0;39m [35m11828[0;39m [2m---[0;39m [2m[  restartedMain][0;39m [36morg.apache.catalina.core.StandardEngine [0;39m [2m:[0;39m Starting Servlet engine: [Apache Tomcat/9.0.62]
[2m2022-05-21 16:06:14.255[0;39m [32m INFO[0;39m [35m11828[0;39m [2m---[0;39m [2m[  restartedMain][0;39m [36mo.a.c.c.C.[.[localhost].[/happyhouse]   [0;39m [2m:[0;39m Initializing Spring embedded WebApplicationContext
[2m2022-05-21 16:06:14.255[0;39m [32m INFO[0;39m [35m11828[0;39m [2m---[0;39m [2m[  restartedMain][0;39m [36mw.s.c.ServletWebServerApplicationContext[0;39m [2m:[0;39m Root WebApplicationContext: initialization completed in 424 ms
[2m2022-05-21 16:06:14.402[0;39m [32m INFO[0;39m [35m11828[0;39m [2m---[0;39m [2m[  restartedMain][0;39m [36mo.s.b.d.a.OptionalLiveReloadServer      [0;39m [2m:[0;39m LiveReload server is running on port 35729
[2m2022-05-21 16:06:14.442[0;39m [32m INFO[0;39m [35m11828[0;39m [2m---[0;39m [2m[  restartedMain][0;39m [36mo.a.coyote.http11.Http11NioProtocol     [0;39m [2m:[0;39m Starting ProtocolHandler ["http-nio-9999"]
[2m2022-05-21 16:06:14.444[0;39m [32m INFO[0;39m [35m11828[0;39m [2m---[0;39m [2m[  restartedMain][0;39m [36mo.s.b.w.embedded.tomcat.TomcatWebServer [0;39m [2m:[0;39m Tomcat started on port(s): 9999 (http) with context path '/happyhouse'
[2m2022-05-21 16:06:14.530[0;39m [32m INFO[0;39m [35m11828[0;39m [2m---[0;39m [2m[  restartedMain][0;39m [36mcom.ssafy.happyhouse.VueApiApplication  [0;39m [2m:[0;39m Started VueApiApplication in 0.737 seconds (JVM running for 367.655)
[2m2022-05-21 16:06:14.531[0;39m [32m INFO[0;39m [35m11828[0;39m [2m---[0;39m [2m[  restartedMain][0;39m [36m.ConditionEvaluationDeltaLoggingListener[0;39m [2m:[0;39m Condition evaluation unchanged
[2m2022-05-21 16:06:19.514[0;39m [32m INFO[0;39m [35m11828[0;39m [2m---[0;39m [2m[  restartedMain][0;39m [36mcom.ssafy.happyhouse.VueApiApplication  [0;39m [2m:[0;39m Starting VueApiApplication using Java 1.8.0_192 on cheol with PID 11828 (C:\SSAFY\workspace\06_Spring_01\HHAPI\target\classes started by cheol in C:\SSAFY\workspace\06_Spring_01\HHAPI)
[2m2022-05-21 16:06:19.515[0;39m [32m INFO[0;39m [35m11828[0;39m [2m---[0;39m [2m[  restartedMain][0;39m [36mcom.ssafy.happyhouse.VueApiApplication  [0;39m [2m:[0;39m No active profile set, falling back to 1 default profile: "default"
[2m2022-05-21 16:06:19.979[0;39m [32m INFO[0;39m [35m11828[0;39m [2m---[0;39m [2m[  restartedMain][0;39m [36mo.s.b.w.embedded.tomcat.TomcatWebServer [0;39m [2m:[0;39m Tomcat initialized with port(s): 9999 (http)
[2m2022-05-21 16:06:19.979[0;39m [32m INFO[0;39m [35m11828[0;39m [2m---[0;39m [2m[  restartedMain][0;39m [36mo.a.coyote.http11.Http11NioProtocol     [0;39m [2m:[0;39m Initializing ProtocolHandler ["http-nio-9999"]
[2m2022-05-21 16:06:19.980[0;39m [32m INFO[0;39m [35m11828[0;39m [2m---[0;39m [2m[  restartedMain][0;39m [36mo.apache.catalina.core.StandardService  [0;39m [2m:[0;39m Starting service [Tomcat]
[2m2022-05-21 16:06:19.980[0;39m [32m INFO[0;39m [35m11828[0;39m [2m---[0;39m [2m[  restartedMain][0;39m [36morg.apache.catalina.core.StandardEngine [0;39m [2m:[0;39m Starting Servlet engine: [Apache Tomcat/9.0.62]
[2m2022-05-21 16:06:19.999[0;39m [32m INFO[0;39m [35m11828[0;39m [2m---[0;39m [2m[  restartedMain][0;39m [36mo.a.c.c.C.[.[localhost].[/happyhouse]   [0;39m [2m:[0;39m Initializing Spring embedded WebApplicationContext
[2m2022-05-21 16:06:19.999[0;39m [32m INFO[0;39m [35m11828[0;39m [2m---[0;39m [2m[  restartedMain][0;39m [36mw.s.c.ServletWebServerApplicationContext[0;39m [2m:[0;39m Root WebApplicationContext: initialization completed in 481 ms
[2m2022-05-21 16:06:20.166[0;39m [32m INFO[0;39m [35m11828[0;39m [2m---[0;39m [2m[  restartedMain][0;39m [36mo.s.b.d.a.OptionalLiveReloadServer      [0;39m [2m:[0;39m LiveReload server is running on port 35729
[2m2022-05-21 16:06:20.217[0;39m [32m INFO[0;39m [35m11828[0;39m [2m---[0;39m [2m[  restartedMain][0;39m [36mo.a.coyote.http11.Http11NioProtocol     [0;39m [2m:[0;39m Starting ProtocolHandler ["http-nio-9999"]
[2m2022-05-21 16:06:20.219[0;39m [32m INFO[0;39m [35m11828[0;39m [2m---[0;39m [2m[  restartedMain][0;39m [36mo.s.b.w.embedded.tomcat.TomcatWebServer [0;39m [2m:[0;39m Tomcat started on port(s): 9999 (http) with context path '/happyhouse'
[2m2022-05-21 16:06:20.307[0;39m [32m INFO[0;39m [35m11828[0;39m [2m---[0;39m [2m[  restartedMain][0;39m [36mcom.ssafy.happyhouse.VueApiApplication  [0;39m [2m:[0;39m Started VueApiApplication in 0.828 seconds (JVM running for 373.433)
[2m2022-05-21 16:06:20.309[0;39m [32m INFO[0;39m [35m11828[0;39m [2m---[0;39m [2m[  restartedMain][0;39m [36m.ConditionEvaluationDeltaLoggingListener[0;39m [2m:[0;39m Condition evaluation unchanged
[2m2022-05-21 16:06:31.741[0;39m [32m INFO[0;39m [35m11828[0;39m [2m---[0;39m [2m[  restartedMain][0;39m [36mcom.ssafy.happyhouse.VueApiApplication  [0;39m [2m:[0;39m Starting VueApiApplication using Java 1.8.0_192 on cheol with PID 11828 (C:\SSAFY\workspace\06_Spring_01\HHAPI\target\classes started by cheol in C:\SSAFY\workspace\06_Spring_01\HHAPI)
[2m2022-05-21 16:06:31.741[0;39m [32m INFO[0;39m [35m11828[0;39m [2m---[0;39m [2m[  restartedMain][0;39m [36mcom.ssafy.happyhouse.VueApiApplication  [0;39m [2m:[0;39m No active profile set, falling back to 1 default profile: "default"
[2m2022-05-21 16:06:32.165[0;39m [32m INFO[0;39m [35m11828[0;39m [2m---[0;39m [2m[  restartedMain][0;39m [36mo.s.b.w.embedded.tomcat.TomcatWebServer [0;39m [2m:[0;39m Tomcat initialized with port(s): 9999 (http)
[2m2022-05-21 16:06:32.166[0;39m [32m INFO[0;39m [35m11828[0;39m [2m---[0;39m [2m[  restartedMain][0;39m [36mo.a.coyote.http11.Http11NioProtocol     [0;39m [2m:[0;39m Initializing ProtocolHandler ["http-nio-9999"]
[2m2022-05-21 16:06:32.166[0;39m [32m INFO[0;39m [35m11828[0;39m [2m---[0;39m [2m[  restartedMain][0;39m [36mo.apache.catalina.core.StandardService  [0;39m [2m:[0;39m Starting service [Tomcat]
[2m2022-05-21 16:06:32.166[0;39m [32m INFO[0;39m [35m11828[0;39m [2m---[0;39m [2m[  restartedMain][0;39m [36morg.apache.catalina.core.StandardEngine [0;39m [2m:[0;39m Starting Servlet engine: [Apache Tomcat/9.0.62]
[2m2022-05-21 16:06:32.192[0;39m [32m INFO[0;39m [35m11828[0;39m [2m---[0;39m [2m[  restartedMain][0;39m [36mo.a.c.c.C.[.[localhost].[/happyhouse]   [0;39m [2m:[0;39m Initializing Spring embedded WebApplicationContext
[2m2022-05-21 16:06:32.192[0;39m [32m INFO[0;39m [35m11828[0;39m [2m---[0;39m [2m[  restartedMain][0;39m [36mw.s.c.ServletWebServerApplicationContext[0;39m [2m:[0;39m Root WebApplicationContext: initialization completed in 448 ms
[2m2022-05-21 16:06:32.392[0;39m [32m INFO[0;39m [35m11828[0;39m [2m---[0;39m [2m[  restartedMain][0;39m [36mo.s.b.d.a.OptionalLiveReloadServer      [0;39m [2m:[0;39m LiveReload server is running on port 35729
[2m2022-05-21 16:06:32.451[0;39m [32m INFO[0;39m [35m11828[0;39m [2m---[0;39m [2m[  restartedMain][0;39m [36mo.a.coyote.http11.Http11NioProtocol     [0;39m [2m:[0;39m Starting ProtocolHandler ["http-nio-9999"]
[2m2022-05-21 16:06:32.453[0;39m [32m INFO[0;39m [35m11828[0;39m [2m---[0;39m [2m[  restartedMain][0;39m [36mo.s.b.w.embedded.tomcat.TomcatWebServer [0;39m [2m:[0;39m Tomcat started on port(s): 9999 (http) with context path '/happyhouse'
[2m2022-05-21 16:06:32.524[0;39m [32m INFO[0;39m [35m11828[0;39m [2m---[0;39m [2m[  restartedMain][0;39m [36mcom.ssafy.happyhouse.VueApiApplication  [0;39m [2m:[0;39m Started VueApiApplication in 0.831 seconds (JVM running for 385.649)
[2m2022-05-21 16:06:32.526[0;39m [32m INFO[0;39m [35m11828[0;39m [2m---[0;39m [2m[  restartedMain][0;39m [36m.ConditionEvaluationDeltaLoggingListener[0;39m [2m:[0;39m Condition evaluation unchanged
[2m2022-05-21 16:06:37.214[0;39m [32m INFO[0;39m [35m11828[0;39m [2m---[0;39m [2m[  restartedMain][0;39m [36mcom.ssafy.happyhouse.VueApiApplication  [0;39m [2m:[0;39m Starting VueApiApplication using Java 1.8.0_192 on cheol with PID 11828 (C:\SSAFY\workspace\06_Spring_01\HHAPI\target\classes started by cheol in C:\SSAFY\workspace\06_Spring_01\HHAPI)
[2m2022-05-21 16:06:37.215[0;39m [32m INFO[0;39m [35m11828[0;39m [2m---[0;39m [2m[  restartedMain][0;39m [36mcom.ssafy.happyhouse.VueApiApplication  [0;39m [2m:[0;39m No active profile set, falling back to 1 default profile: "default"
[2m2022-05-21 16:06:37.607[0;39m [32m INFO[0;39m [35m11828[0;39m [2m---[0;39m [2m[  restartedMain][0;39m [36mo.s.b.w.embedded.tomcat.TomcatWebServer [0;39m [2m:[0;39m Tomcat initialized with port(s): 9999 (http)
[2m2022-05-21 16:06:37.607[0;39m [32m INFO[0;39m [35m11828[0;39m [2m---[0;39m [2m[  restartedMain][0;39m [36mo.a.coyote.http11.Http11NioProtocol     [0;39m [2m:[0;39m Initializing ProtocolHandler ["http-nio-9999"]
[2m2022-05-21 16:06:37.607[0;39m [32m INFO[0;39m [35m11828[0;39m [2m---[0;39m [2m[  restartedMain][0;39m [36mo.apache.catalina.core.StandardService  [0;39m [2m:[0;39m Starting service [Tomcat]
[2m2022-05-21 16:06:37.608[0;39m [32m INFO[0;39m [35m11828[0;39m [2m---[0;39m [2m[  restartedMain][0;39m [36morg.apache.catalina.core.StandardEngine [0;39m [2m:[0;39m Starting Servlet engine: [Apache Tomcat/9.0.62]
[2m2022-05-21 16:06:37.626[0;39m [32m INFO[0;39m [35m11828[0;39m [2m---[0;39m [2m[  restartedMain][0;39m [36mo.a.c.c.C.[.[localhost].[/happyhouse]   [0;39m [2m:[0;39m Initializing Spring embedded WebApplicationContext
[2m2022-05-21 16:06:37.626[0;39m [32m INFO[0;39m [35m11828[0;39m [2m---[0;39m [2m[  restartedMain][0;39m [36mw.s.c.ServletWebServerApplicationContext[0;39m [2m:[0;39m Root WebApplicationContext: initialization completed in 409 ms
[2m2022-05-21 16:06:37.786[0;39m [32m INFO[0;39m [35m11828[0;39m [2m---[0;39m [2m[  restartedMain][0;39m [36mo.s.b.d.a.OptionalLiveReloadServer      [0;39m [2m:[0;39m LiveReload server is running on port 35729
[2m2022-05-21 16:06:37.828[0;39m [32m INFO[0;39m [35m11828[0;39m [2m---[0;39m [2m[  restartedMain][0;39m [36mo.a.coyote.http11.Http11NioProtocol     [0;39m [2m:[0;39m Starting ProtocolHandler ["http-nio-9999"]
[2m2022-05-21 16:06:37.831[0;39m [32m INFO[0;39m [35m11828[0;39m [2m---[0;39m [2m[  restartedMain][0;39m [36mo.s.b.w.embedded.tomcat.TomcatWebServer [0;39m [2m:[0;39m Tomcat started on port(s): 9999 (http) with context path '/happyhouse'
[2m2022-05-21 16:06:37.915[0;39m [32m INFO[0;39m [35m11828[0;39m [2m---[0;39m [2m[  restartedMain][0;39m [36mcom.ssafy.happyhouse.VueApiApplication  [0;39m [2m:[0;39m Started VueApiApplication in 0.732 seconds (JVM running for 391.041)
[2m2022-05-21 16:06:37.917[0;39m [32m INFO[0;39m [35m11828[0;39m [2m---[0;39m [2m[  restartedMain][0;39m [36m.ConditionEvaluationDeltaLoggingListener[0;39m [2m:[0;39m Condition evaluation unchanged
[2m2022-05-21 16:06:42.579[0;39m [32m INFO[0;39m [35m11828[0;39m [2m---[0;39m [2m[  restartedMain][0;39m [36mcom.ssafy.happyhouse.VueApiApplication  [0;39m [2m:[0;39m Starting VueApiApplication using Java 1.8.0_192 on cheol with PID 11828 (C:\SSAFY\workspace\06_Spring_01\HHAPI\target\classes started by cheol in C:\SSAFY\workspace\06_Spring_01\HHAPI)
[2m2022-05-21 16:06:42.580[0;39m [32m INFO[0;39m [35m11828[0;39m [2m---[0;39m [2m[  restartedMain][0;39m [36mcom.ssafy.happyhouse.VueApiApplication  [0;39m [2m:[0;39m No active profile set, falling back to 1 default profile: "default"
[2m2022-05-21 16:06:42.989[0;39m [32m INFO[0;39m [35m11828[0;39m [2m---[0;39m [2m[  restartedMain][0;39m [36mo.s.b.w.embedded.tomcat.TomcatWebServer [0;39m [2m:[0;39m Tomcat initialized with port(s): 9999 (http)
[2m2022-05-21 16:06:42.989[0;39m [32m INFO[0;39m [35m11828[0;39m [2m---[0;39m [2m[  restartedMain][0;39m [36mo.a.coyote.http11.Http11NioProtocol     [0;39m [2m:[0;39m Initializing ProtocolHandler ["http-nio-9999"]
[2m2022-05-21 16:06:42.990[0;39m [32m INFO[0;39m [35m11828[0;39m [2m---[0;39m [2m[  restartedMain][0;39m [36mo.apache.catalina.core.StandardService  [0;39m [2m:[0;39m Starting service [Tomcat]
[2m2022-05-21 16:06:42.990[0;39m [32m INFO[0;39m [35m11828[0;39m [2m---[0;39m [2m[  restartedMain][0;39m [36morg.apache.catalina.core.StandardEngine [0;39m [2m:[0;39m Starting Servlet engine: [Apache Tomcat/9.0.62]
[2m2022-05-21 16:06:43.005[0;39m [32m INFO[0;39m [35m11828[0;39m [2m---[0;39m [2m[  restartedMain][0;39m [36mo.a.c.c.C.[.[localhost].[/happyhouse]   [0;39m [2m:[0;39m Initializing Spring embedded WebApplicationContext
[2m2022-05-21 16:06:43.005[0;39m [32m INFO[0;39m [35m11828[0;39m [2m---[0;39m [2m[  restartedMain][0;39m [36mw.s.c.ServletWebServerApplicationContext[0;39m [2m:[0;39m Root WebApplicationContext: initialization completed in 424 ms
[2m2022-05-21 16:06:43.149[0;39m [32m INFO[0;39m [35m11828[0;39m [2m---[0;39m [2m[  restartedMain][0;39m [36mo.s.b.d.a.OptionalLiveReloadServer      [0;39m [2m:[0;39m LiveReload server is running on port 35729
[2m2022-05-21 16:06:43.190[0;39m [32m INFO[0;39m [35m11828[0;39m [2m---[0;39m [2m[  restartedMain][0;39m [36mo.a.coyote.http11.Http11NioProtocol     [0;39m [2m:[0;39m Starting ProtocolHandler ["http-nio-9999"]
[2m2022-05-21 16:06:43.192[0;39m [32m INFO[0;39m [35m11828[0;39m [2m---[0;39m [2m[  restartedMain][0;39m [36mo.s.b.w.embedded.tomcat.TomcatWebServer [0;39m [2m:[0;39m Tomcat started on port(s): 9999 (http) with context path '/happyhouse'
[2m2022-05-21 16:06:43.271[0;39m [32m INFO[0;39m [35m11828[0;39m [2m---[0;39m [2m[  restartedMain][0;39m [36mcom.ssafy.happyhouse.VueApiApplication  [0;39m [2m:[0;39m Started VueApiApplication in 0.724 seconds (JVM running for 396.397)
[2m2022-05-21 16:06:43.273[0;39m [32m INFO[0;39m [35m11828[0;39m [2m---[0;39m [2m[  restartedMain][0;39m [36m.ConditionEvaluationDeltaLoggingListener[0;39m [2m:[0;39m Condition evaluation unchanged
[2m2022-05-21 16:06:57.015[0;39m [32m INFO[0;39m [35m11828[0;39m [2m---[0;39m [2m[  restartedMain][0;39m [36mcom.ssafy.happyhouse.VueApiApplication  [0;39m [2m:[0;39m Starting VueApiApplication using Java 1.8.0_192 on cheol with PID 11828 (C:\SSAFY\workspace\06_Spring_01\HHAPI\target\classes started by cheol in C:\SSAFY\workspace\06_Spring_01\HHAPI)
[2m2022-05-21 16:06:57.016[0;39m [32m INFO[0;39m [35m11828[0;39m [2m---[0;39m [2m[  restartedMain][0;39m [36mcom.ssafy.happyhouse.VueApiApplication  [0;39m [2m:[0;39m No active profile set, falling back to 1 default profile: "default"
[2m2022-05-21 16:06:57.324[0;39m [32m INFO[0;39m [35m11828[0;39m [2m---[0;39m [2m[  restartedMain][0;39m [36mo.s.b.w.embedded.tomcat.TomcatWebServer [0;39m [2m:[0;39m Tomcat initialized with port(s): 9999 (http)
[2m2022-05-21 16:06:57.325[0;39m [32m INFO[0;39m [35m11828[0;39m [2m---[0;39m [2m[  restartedMain][0;39m [36mo.a.coyote.http11.Http11NioProtocol     [0;39m [2m:[0;39m Initializing ProtocolHandler ["http-nio-9999"]
[2m2022-05-21 16:06:57.325[0;39m [32m INFO[0;39m [35m11828[0;39m [2m---[0;39m [2m[  restartedMain][0;39m [36mo.apache.catalina.core.StandardService  [0;39m [2m:[0;39m Starting service [Tomcat]
[2m2022-05-21 16:06:57.325[0;39m [32m INFO[0;39m [35m11828[0;39m [2m---[0;39m [2m[  restartedMain][0;39m [36morg.apache.catalina.core.StandardEngine [0;39m [2m:[0;39m Starting Servlet engine: [Apache Tomcat/9.0.62]
[2m2022-05-21 16:06:57.340[0;39m [32m INFO[0;39m [35m11828[0;39m [2m---[0;39m [2m[  restartedMain][0;39m [36mo.a.c.c.C.[.[localhost].[/happyhouse]   [0;39m [2m:[0;39m Initializing Spring embedded WebApplicationContext
[2m2022-05-21 16:06:57.340[0;39m [32m INFO[0;39m [35m11828[0;39m [2m---[0;39m [2m[  restartedMain][0;39m [36mw.s.c.ServletWebServerApplicationContext[0;39m [2m:[0;39m Root WebApplicationContext: initialization completed in 323 ms
[2m2022-05-21 16:06:57.464[0;39m [32m INFO[0;39m [35m11828[0;39m [2m---[0;39m [2m[  restartedMain][0;39m [36mo.s.b.d.a.OptionalLiveReloadServer      [0;39m [2m:[0;39m LiveReload server is running on port 35729
[2m2022-05-21 16:06:57.498[0;39m [32m INFO[0;39m [35m11828[0;39m [2m---[0;39m [2m[  restartedMain][0;39m [36mo.a.coyote.http11.Http11NioProtocol     [0;39m [2m:[0;39m Starting ProtocolHandler ["http-nio-9999"]
[2m2022-05-21 16:06:57.500[0;39m [32m INFO[0;39m [35m11828[0;39m [2m---[0;39m [2m[  restartedMain][0;39m [36mo.s.b.w.embedded.tomcat.TomcatWebServer [0;39m [2m:[0;39m Tomcat started on port(s): 9999 (http) with context path '/happyhouse'
[2m2022-05-21 16:06:57.560[0;39m [32m INFO[0;39m [35m11828[0;39m [2m---[0;39m [2m[  restartedMain][0;39m [36mcom.ssafy.happyhouse.VueApiApplication  [0;39m [2m:[0;39m Started VueApiApplication in 0.573 seconds (JVM running for 410.685)
[2m2022-05-21 16:06:57.561[0;39m [32m INFO[0;39m [35m11828[0;39m [2m---[0;39m [2m[  restartedMain][0;39m [36m.ConditionEvaluationDeltaLoggingListener[0;39m [2m:[0;39m Condition evaluation unchanged
[2m2022-05-21 16:07:33.662[0;39m [32m INFO[0;39m [35m11828[0;39m [2m---[0;39m [2m[  restartedMain][0;39m [36mcom.ssafy.happyhouse.VueApiApplication  [0;39m [2m:[0;39m Starting VueApiApplication using Java 1.8.0_192 on cheol with PID 11828 (C:\SSAFY\workspace\06_Spring_01\HHAPI\target\classes started by cheol in C:\SSAFY\workspace\06_Spring_01\HHAPI)
[2m2022-05-21 16:07:33.663[0;39m [32m INFO[0;39m [35m11828[0;39m [2m---[0;39m [2m[  restartedMain][0;39m [36mcom.ssafy.happyhouse.VueApiApplication  [0;39m [2m:[0;39m No active profile set, falling back to 1 default profile: "default"
[2m2022-05-21 16:07:34.020[0;39m [32m INFO[0;39m [35m11828[0;39m [2m---[0;39m [2m[  restartedMain][0;39m [36mo.s.b.w.embedded.tomcat.TomcatWebServer [0;39m [2m:[0;39m Tomcat initialized with port(s): 9999 (http)
[2m2022-05-21 16:07:34.021[0;39m [32m INFO[0;39m [35m11828[0;39m [2m---[0;39m [2m[  restartedMain][0;39m [36mo.a.coyote.http11.Http11NioProtocol     [0;39m [2m:[0;39m Initializing ProtocolHandler ["http-nio-9999"]
[2m2022-05-21 16:07:34.021[0;39m [32m INFO[0;39m [35m11828[0;39m [2m---[0;39m [2m[  restartedMain][0;39m [36mo.apache.catalina.core.StandardService  [0;39m [2m:[0;39m Starting service [Tomcat]
[2m2022-05-21 16:07:34.021[0;39m [32m INFO[0;39m [35m11828[0;39m [2m---[0;39m [2m[  restartedMain][0;39m [36morg.apache.catalina.core.StandardEngine [0;39m [2m:[0;39m Starting Servlet engine: [Apache Tomcat/9.0.62]
[2m2022-05-21 16:07:34.036[0;39m [32m INFO[0;39m [35m11828[0;39m [2m---[0;39m [2m[  restartedMain][0;39m [36mo.a.c.c.C.[.[localhost].[/happyhouse]   [0;39m [2m:[0;39m Initializing Spring embedded WebApplicationContext
[2m2022-05-21 16:07:34.036[0;39m [32m INFO[0;39m [35m11828[0;39m [2m---[0;39m [2m[  restartedMain][0;39m [36mw.s.c.ServletWebServerApplicationContext[0;39m [2m:[0;39m Root WebApplicationContext: initialization completed in 372 ms
[2m2022-05-21 16:07:34.162[0;39m [32m INFO[0;39m [35m11828[0;39m [2m---[0;39m [2m[  restartedMain][0;39m [36mo.s.b.d.a.OptionalLiveReloadServer      [0;39m [2m:[0;39m LiveReload server is running on port 35729
[2m2022-05-21 16:07:34.197[0;39m [32m INFO[0;39m [35m11828[0;39m [2m---[0;39m [2m[  restartedMain][0;39m [36mo.a.coyote.http11.Http11NioProtocol     [0;39m [2m:[0;39m Starting ProtocolHandler ["http-nio-9999"]
[2m2022-05-21 16:07:34.199[0;39m [32m INFO[0;39m [35m11828[0;39m [2m---[0;39m [2m[  restartedMain][0;39m [36mo.s.b.w.embedded.tomcat.TomcatWebServer [0;39m [2m:[0;39m Tomcat started on port(s): 9999 (http) with context path '/happyhouse'
[2m2022-05-21 16:07:34.292[0;39m [32m INFO[0;39m [35m11828[0;39m [2m---[0;39m [2m[  restartedMain][0;39m [36mcom.ssafy.happyhouse.VueApiApplication  [0;39m [2m:[0;39m Started VueApiApplication in 0.656 seconds (JVM running for 447.417)
[2m2022-05-21 16:07:34.293[0;39m [32m INFO[0;39m [35m11828[0;39m [2m---[0;39m [2m[  restartedMain][0;39m [36m.ConditionEvaluationDeltaLoggingListener[0;39m [2m:[0;39m Condition evaluation unchanged
[2m2022-05-21 16:07:35.678[0;39m [32m INFO[0;39m [35m11828[0;39m [2m---[0;39m [2m[nio-9999-exec-1][0;39m [36mo.a.c.c.C.[.[localhost].[/happyhouse]   [0;39m [2m:[0;39m Initializing Spring DispatcherServlet 'dispatcherServlet'
[2m2022-05-21 16:07:35.679[0;39m [32m INFO[0;39m [35m11828[0;39m [2m---[0;39m [2m[nio-9999-exec-1][0;39m [36mo.s.web.servlet.DispatcherServlet       [0;39m [2m:[0;39m Initializing Servlet 'dispatcherServlet'
[2m2022-05-21 16:07:35.680[0;39m [32m INFO[0;39m [35m11828[0;39m [2m---[0;39m [2m[nio-9999-exec-1][0;39m [36mo.s.web.servlet.DispatcherServlet       [0;39m [2m:[0;39m Completed initialization in 1 ms
[2m2022-05-21 16:07:49.727[0;39m [32m INFO[0;39m [35m11828[0;39m [2m---[0;39m [2m[nio-9999-exec-6][0;39m [36mcom.zaxxer.hikari.HikariDataSource      [0;39m [2m:[0;39m HikariPool-2 - Starting...
[2m2022-05-21 16:07:49.743[0;39m [32m INFO[0;39m [35m11828[0;39m [2m---[0;39m [2m[nio-9999-exec-6][0;39m [36mcom.zaxxer.hikari.HikariDataSource      [0;39m [2m:[0;39m HikariPool-2 - Start completed.
[2m2022-05-21 16:09:52.872[0;39m [32m INFO[0;39m [35m11828[0;39m [2m---[0;39m [2m[      Thread-55][0;39m [36mcom.zaxxer.hikari.HikariDataSource      [0;39m [2m:[0;39m HikariPool-2 - Shutdown initiated...
[2m2022-05-21 16:09:52.878[0;39m [32m INFO[0;39m [35m11828[0;39m [2m---[0;39m [2m[      Thread-55][0;39m [36mcom.zaxxer.hikari.HikariDataSource      [0;39m [2m:[0;39m HikariPool-2 - Shutdown completed.
[2m2022-05-21 16:09:52.988[0;39m [32m INFO[0;39m [35m11828[0;39m [2m---[0;39m [2m[  restartedMain][0;39m [36mcom.ssafy.happyhouse.VueApiApplication  [0;39m [2m:[0;39m Starting VueApiApplication using Java 1.8.0_192 on cheol with PID 11828 (C:\SSAFY\workspace\06_Spring_01\HHAPI\target\classes started by cheol in C:\SSAFY\workspace\06_Spring_01\HHAPI)
[2m2022-05-21 16:09:52.989[0;39m [32m INFO[0;39m [35m11828[0;39m [2m---[0;39m [2m[  restartedMain][0;39m [36mcom.ssafy.happyhouse.VueApiApplication  [0;39m [2m:[0;39m No active profile set, falling back to 1 default profile: "default"
[2m2022-05-21 16:09:53.399[0;39m [32m INFO[0;39m [35m11828[0;39m [2m---[0;39m [2m[  restartedMain][0;39m [36mo.s.b.w.embedded.tomcat.TomcatWebServer [0;39m [2m:[0;39m Tomcat initialized with port(s): 9999 (http)
[2m2022-05-21 16:09:53.400[0;39m [32m INFO[0;39m [35m11828[0;39m [2m---[0;39m [2m[  restartedMain][0;39m [36mo.a.coyote.http11.Http11NioProtocol     [0;39m [2m:[0;39m Initializing ProtocolHandler ["http-nio-9999"]
[2m2022-05-21 16:09:53.400[0;39m [32m INFO[0;39m [35m11828[0;39m [2m---[0;39m [2m[  restartedMain][0;39m [36mo.apache.catalina.core.StandardService  [0;39m [2m:[0;39m Starting service [Tomcat]
[2m2022-05-21 16:09:53.400[0;39m [32m INFO[0;39m [35m11828[0;39m [2m---[0;39m [2m[  restartedMain][0;39m [36morg.apache.catalina.core.StandardEngine [0;39m [2m:[0;39m Starting Servlet engine: [Apache Tomcat/9.0.62]
[2m2022-05-21 16:09:53.415[0;39m [32m INFO[0;39m [35m11828[0;39m [2m---[0;39m [2m[  restartedMain][0;39m [36mo.a.c.c.C.[.[localhost].[/happyhouse]   [0;39m [2m:[0;39m Initializing Spring embedded WebApplicationContext
[2m2022-05-21 16:09:53.415[0;39m [32m INFO[0;39m [35m11828[0;39m [2m---[0;39m [2m[  restartedMain][0;39m [36mw.s.c.ServletWebServerApplicationContext[0;39m [2m:[0;39m Root WebApplicationContext: initialization completed in 423 ms
[2m2022-05-21 16:09:53.552[0;39m [32m INFO[0;39m [35m11828[0;39m [2m---[0;39m [2m[  restartedMain][0;39m [36mo.s.b.d.a.OptionalLiveReloadServer      [0;39m [2m:[0;39m LiveReload server is running on port 35729
[2m2022-05-21 16:09:53.590[0;39m [32m INFO[0;39m [35m11828[0;39m [2m---[0;39m [2m[  restartedMain][0;39m [36mo.a.coyote.http11.Http11NioProtocol     [0;39m [2m:[0;39m Starting ProtocolHandler ["http-nio-9999"]
[2m2022-05-21 16:09:53.592[0;39m [32m INFO[0;39m [35m11828[0;39m [2m---[0;39m [2m[  restartedMain][0;39m [36mo.s.b.w.embedded.tomcat.TomcatWebServer [0;39m [2m:[0;39m Tomcat started on port(s): 9999 (http) with context path '/happyhouse'
[2m2022-05-21 16:09:53.656[0;39m [32m INFO[0;39m [35m11828[0;39m [2m---[0;39m [2m[  restartedMain][0;39m [36mcom.ssafy.happyhouse.VueApiApplication  [0;39m [2m:[0;39m Started VueApiApplication in 0.699 seconds (JVM running for 586.781)
[2m2022-05-21 16:09:53.657[0;39m [32m INFO[0;39m [35m11828[0;39m [2m---[0;39m [2m[  restartedMain][0;39m [36m.ConditionEvaluationDeltaLoggingListener[0;39m [2m:[0;39m Condition evaluation unchanged
[2m2022-05-21 16:09:54.966[0;39m [32m INFO[0;39m [35m11828[0;39m [2m---[0;39m [2m[nio-9999-exec-2][0;39m [36mo.a.c.c.C.[.[localhost].[/happyhouse]   [0;39m [2m:[0;39m Initializing Spring DispatcherServlet 'dispatcherServlet'
[2m2022-05-21 16:09:54.966[0;39m [32m INFO[0;39m [35m11828[0;39m [2m---[0;39m [2m[nio-9999-exec-2][0;39m [36mo.s.web.servlet.DispatcherServlet       [0;39m [2m:[0;39m Initializing Servlet 'dispatcherServlet'
[2m2022-05-21 16:09:54.967[0;39m [32m INFO[0;39m [35m11828[0;39m [2m---[0;39m [2m[nio-9999-exec-2][0;39m [36mo.s.web.servlet.DispatcherServlet       [0;39m [2m:[0;39m Completed initialization in 1 ms
[2m2022-05-21 16:10:05.654[0;39m [32m INFO[0;39m [35m11828[0;39m [2m---[0;39m [2m[nio-9999-exec-6][0;39m [36mcom.zaxxer.hikari.HikariDataSource      [0;39m [2m:[0;39m HikariPool-3 - Starting...
[2m2022-05-21 16:10:05.669[0;39m [32m INFO[0;39m [35m11828[0;39m [2m---[0;39m [2m[nio-9999-exec-6][0;39m [36mcom.zaxxer.hikari.HikariDataSource      [0;39m [2m:[0;39m HikariPool-3 - Start completed.
[2m2022-05-21 16:11:28.530[0;39m [32m INFO[0;39m [35m11828[0;39m [2m---[0;39m [2m[      Thread-61][0;39m [36mcom.zaxxer.hikari.HikariDataSource      [0;39m [2m:[0;39m HikariPool-3 - Shutdown initiated...
[2m2022-05-21 16:11:28.535[0;39m [32m INFO[0;39m [35m11828[0;39m [2m---[0;39m [2m[      Thread-61][0;39m [36mcom.zaxxer.hikari.HikariDataSource      [0;39m [2m:[0;39m HikariPool-3 - Shutdown completed.
[2m2022-05-21 16:11:28.643[0;39m [32m INFO[0;39m [35m11828[0;39m [2m---[0;39m [2m[  restartedMain][0;39m [36mcom.ssafy.happyhouse.VueApiApplication  [0;39m [2m:[0;39m Starting VueApiApplication using Java 1.8.0_192 on cheol with PID 11828 (C:\SSAFY\workspace\06_Spring_01\HHAPI\target\classes started by cheol in C:\SSAFY\workspace\06_Spring_01\HHAPI)
[2m2022-05-21 16:11:28.643[0;39m [32m INFO[0;39m [35m11828[0;39m [2m---[0;39m [2m[  restartedMain][0;39m [36mcom.ssafy.happyhouse.VueApiApplication  [0;39m [2m:[0;39m No active profile set, falling back to 1 default profile: "default"
[2m2022-05-21 16:11:28.998[0;39m [32m INFO[0;39m [35m11828[0;39m [2m---[0;39m [2m[  restartedMain][0;39m [36mo.s.b.w.embedded.tomcat.TomcatWebServer [0;39m [2m:[0;39m Tomcat initialized with port(s): 9999 (http)
[2m2022-05-21 16:11:28.999[0;39m [32m INFO[0;39m [35m11828[0;39m [2m---[0;39m [2m[  restartedMain][0;39m [36mo.a.coyote.http11.Http11NioProtocol     [0;39m [2m:[0;39m Initializing ProtocolHandler ["http-nio-9999"]
[2m2022-05-21 16:11:28.999[0;39m [32m INFO[0;39m [35m11828[0;39m [2m---[0;39m [2m[  restartedMain][0;39m [36mo.apache.catalina.core.StandardService  [0;39m [2m:[0;39m Starting service [Tomcat]
[2m2022-05-21 16:11:28.999[0;39m [32m INFO[0;39m [35m11828[0;39m [2m---[0;39m [2m[  restartedMain][0;39m [36morg.apache.catalina.core.StandardEngine [0;39m [2m:[0;39m Starting Servlet engine: [Apache Tomcat/9.0.62]
[2m2022-05-21 16:11:29.014[0;39m [32m INFO[0;39m [35m11828[0;39m [2m---[0;39m [2m[  restartedMain][0;39m [36mo.a.c.c.C.[.[localhost].[/happyhouse]   [0;39m [2m:[0;39m Initializing Spring embedded WebApplicationContext
[2m2022-05-21 16:11:29.015[0;39m [32m INFO[0;39m [35m11828[0;39m [2m---[0;39m [2m[  restartedMain][0;39m [36mw.s.c.ServletWebServerApplicationContext[0;39m [2m:[0;39m Root WebApplicationContext: initialization completed in 371 ms
[2m2022-05-21 16:11:29.130[0;39m [32m INFO[0;39m [35m11828[0;39m [2m---[0;39m [2m[  restartedMain][0;39m [36mo.s.b.d.a.OptionalLiveReloadServer      [0;39m [2m:[0;39m LiveReload server is running on port 35729
[2m2022-05-21 16:11:29.163[0;39m [32m INFO[0;39m [35m11828[0;39m [2m---[0;39m [2m[  restartedMain][0;39m [36mo.a.coyote.http11.Http11NioProtocol     [0;39m [2m:[0;39m Starting ProtocolHandler ["http-nio-9999"]
[2m2022-05-21 16:11:29.165[0;39m [32m INFO[0;39m [35m11828[0;39m [2m---[0;39m [2m[  restartedMain][0;39m [36mo.s.b.w.embedded.tomcat.TomcatWebServer [0;39m [2m:[0;39m Tomcat started on port(s): 9999 (http) with context path '/happyhouse'
[2m2022-05-21 16:11:29.217[0;39m [32m INFO[0;39m [35m11828[0;39m [2m---[0;39m [2m[  restartedMain][0;39m [36mcom.ssafy.happyhouse.VueApiApplication  [0;39m [2m:[0;39m Started VueApiApplication in 0.601 seconds (JVM running for 682.342)
[2m2022-05-21 16:11:29.218[0;39m [32m INFO[0;39m [35m11828[0;39m [2m---[0;39m [2m[  restartedMain][0;39m [36m.ConditionEvaluationDeltaLoggingListener[0;39m [2m:[0;39m Condition evaluation unchanged
[2m2022-05-21 16:11:39.752[0;39m [32m INFO[0;39m [35m11828[0;39m [2m---[0;39m [2m[nio-9999-exec-1][0;39m [36mo.a.c.c.C.[.[localhost].[/happyhouse]   [0;39m [2m:[0;39m Initializing Spring DispatcherServlet 'dispatcherServlet'
[2m2022-05-21 16:11:39.753[0;39m [32m INFO[0;39m [35m11828[0;39m [2m---[0;39m [2m[nio-9999-exec-1][0;39m [36mo.s.web.servlet.DispatcherServlet       [0;39m [2m:[0;39m Initializing Servlet 'dispatcherServlet'
[2m2022-05-21 16:11:39.754[0;39m [32m INFO[0;39m [35m11828[0;39m [2m---[0;39m [2m[nio-9999-exec-1][0;39m [36mo.s.web.servlet.DispatcherServlet       [0;39m [2m:[0;39m Completed initialization in 1 ms
[2m2022-05-21 16:11:39.755[0;39m [32m INFO[0;39m [35m11828[0;39m [2m---[0;39m [2m[nio-9999-exec-1][0;39m [36mcom.zaxxer.hikari.HikariDataSource      [0;39m [2m:[0;39m HikariPool-4 - Starting...
[2m2022-05-21 16:11:39.771[0;39m [32m INFO[0;39m [35m11828[0;39m [2m---[0;39m [2m[nio-9999-exec-1][0;39m [36mcom.zaxxer.hikari.HikariDataSource      [0;39m [2m:[0;39m HikariPool-4 - Start completed.
[2m2022-05-21 16:12:10.283[0;39m [32m INFO[0;39m [35m11828[0;39m [2m---[0;39m [2m[      Thread-67][0;39m [36mcom.zaxxer.hikari.HikariDataSource      [0;39m [2m:[0;39m HikariPool-4 - Shutdown initiated...
[2m2022-05-21 16:12:10.287[0;39m [32m INFO[0;39m [35m11828[0;39m [2m---[0;39m [2m[      Thread-67][0;39m [36mcom.zaxxer.hikari.HikariDataSource      [0;39m [2m:[0;39m HikariPool-4 - Shutdown completed.
[2m2022-05-21 16:12:10.390[0;39m [32m INFO[0;39m [35m11828[0;39m [2m---[0;39m [2m[  restartedMain][0;39m [36mcom.ssafy.happyhouse.VueApiApplication  [0;39m [2m:[0;39m Starting VueApiApplication using Java 1.8.0_192 on cheol with PID 11828 (C:\SSAFY\workspace\06_Spring_01\HHAPI\target\classes started by cheol in C:\SSAFY\workspace\06_Spring_01\HHAPI)
[2m2022-05-21 16:12:10.390[0;39m [32m INFO[0;39m [35m11828[0;39m [2m---[0;39m [2m[  restartedMain][0;39m [36mcom.ssafy.happyhouse.VueApiApplication  [0;39m [2m:[0;39m No active profile set, falling back to 1 default profile: "default"
[2m2022-05-21 16:12:10.752[0;39m [32m INFO[0;39m [35m11828[0;39m [2m---[0;39m [2m[  restartedMain][0;39m [36mo.s.b.w.embedded.tomcat.TomcatWebServer [0;39m [2m:[0;39m Tomcat initialized with port(s): 9999 (http)
[2m2022-05-21 16:12:10.753[0;39m [32m INFO[0;39m [35m11828[0;39m [2m---[0;39m [2m[  restartedMain][0;39m [36mo.a.coyote.http11.Http11NioProtocol     [0;39m [2m:[0;39m Initializing ProtocolHandler ["http-nio-9999"]
[2m2022-05-21 16:12:10.753[0;39m [32m INFO[0;39m [35m11828[0;39m [2m---[0;39m [2m[  restartedMain][0;39m [36mo.apache.catalina.core.StandardService  [0;39m [2m:[0;39m Starting service [Tomcat]
[2m2022-05-21 16:12:10.753[0;39m [32m INFO[0;39m [35m11828[0;39m [2m---[0;39m [2m[  restartedMain][0;39m [36morg.apache.catalina.core.StandardEngine [0;39m [2m:[0;39m Starting Servlet engine: [Apache Tomcat/9.0.62]
[2m2022-05-21 16:12:10.769[0;39m [32m INFO[0;39m [35m11828[0;39m [2m---[0;39m [2m[  restartedMain][0;39m [36mo.a.c.c.C.[.[localhost].[/happyhouse]   [0;39m [2m:[0;39m Initializing Spring embedded WebApplicationContext
[2m2022-05-21 16:12:10.769[0;39m [32m INFO[0;39m [35m11828[0;39m [2m---[0;39m [2m[  restartedMain][0;39m [36mw.s.c.ServletWebServerApplicationContext[0;39m [2m:[0;39m Root WebApplicationContext: initialization completed in 377 ms
[2m2022-05-21 16:12:10.887[0;39m [32m INFO[0;39m [35m11828[0;39m [2m---[0;39m [2m[  restartedMain][0;39m [36mo.s.b.d.a.OptionalLiveReloadServer      [0;39m [2m:[0;39m LiveReload server is running on port 35729
[2m2022-05-21 16:12:10.925[0;39m [32m INFO[0;39m [35m11828[0;39m [2m---[0;39m [2m[  restartedMain][0;39m [36mo.a.coyote.http11.Http11NioProtocol     [0;39m [2m:[0;39m Starting ProtocolHandler ["http-nio-9999"]
[2m2022-05-21 16:12:10.926[0;39m [32m INFO[0;39m [35m11828[0;39m [2m---[0;39m [2m[  restartedMain][0;39m [36mo.s.b.w.embedded.tomcat.TomcatWebServer [0;39m [2m:[0;39m Tomcat started on port(s): 9999 (http) with context path '/happyhouse'
[2m2022-05-21 16:12:10.978[0;39m [32m INFO[0;39m [35m11828[0;39m [2m---[0;39m [2m[  restartedMain][0;39m [36mcom.ssafy.happyhouse.VueApiApplication  [0;39m [2m:[0;39m Started VueApiApplication in 0.614 seconds (JVM running for 724.104)
[2m2022-05-21 16:12:10.979[0;39m [32m INFO[0;39m [35m11828[0;39m [2m---[0;39m [2m[  restartedMain][0;39m [36m.ConditionEvaluationDeltaLoggingListener[0;39m [2m:[0;39m Condition evaluation unchanged
[2m2022-05-21 16:12:22.692[0;39m [32m INFO[0;39m [35m11828[0;39m [2m---[0;39m [2m[  restartedMain][0;39m [36mcom.ssafy.happyhouse.VueApiApplication  [0;39m [2m:[0;39m Starting VueApiApplication using Java 1.8.0_192 on cheol with PID 11828 (C:\SSAFY\workspace\06_Spring_01\HHAPI\target\classes started by cheol in C:\SSAFY\workspace\06_Spring_01\HHAPI)
[2m2022-05-21 16:12:22.692[0;39m [32m INFO[0;39m [35m11828[0;39m [2m---[0;39m [2m[  restartedMain][0;39m [36mcom.ssafy.happyhouse.VueApiApplication  [0;39m [2m:[0;39m No active profile set, falling back to 1 default profile: "default"
[2m2022-05-21 16:12:22.993[0;39m [32m INFO[0;39m [35m11828[0;39m [2m---[0;39m [2m[  restartedMain][0;39m [36mo.s.b.w.embedded.tomcat.TomcatWebServer [0;39m [2m:[0;39m Tomcat initialized with port(s): 9999 (http)
[2m2022-05-21 16:12:22.994[0;39m [32m INFO[0;39m [35m11828[0;39m [2m---[0;39m [2m[  restartedMain][0;39m [36mo.a.coyote.http11.Http11NioProtocol     [0;39m [2m:[0;39m Initializing ProtocolHandler ["http-nio-9999"]
[2m2022-05-21 16:12:22.994[0;39m [32m INFO[0;39m [35m11828[0;39m [2m---[0;39m [2m[  restartedMain][0;39m [36mo.apache.catalina.core.StandardService  [0;39m [2m:[0;39m Starting service [Tomcat]
[2m2022-05-21 16:12:22.994[0;39m [32m INFO[0;39m [35m11828[0;39m [2m---[0;39m [2m[  restartedMain][0;39m [36morg.apache.catalina.core.StandardEngine [0;39m [2m:[0;39m Starting Servlet engine: [Apache Tomcat/9.0.62]
[2m2022-05-21 16:12:23.008[0;39m [32m INFO[0;39m [35m11828[0;39m [2m---[0;39m [2m[  restartedMain][0;39m [36mo.a.c.c.C.[.[localhost].[/happyhouse]   [0;39m [2m:[0;39m Initializing Spring embedded WebApplicationContext
[2m2022-05-21 16:12:23.009[0;39m [32m INFO[0;39m [35m11828[0;39m [2m---[0;39m [2m[  restartedMain][0;39m [36mw.s.c.ServletWebServerApplicationContext[0;39m [2m:[0;39m Root WebApplicationContext: initialization completed in 315 ms
[2m2022-05-21 16:12:23.124[0;39m [32m INFO[0;39m [35m11828[0;39m [2m---[0;39m [2m[  restartedMain][0;39m [36mo.s.b.d.a.OptionalLiveReloadServer      [0;39m [2m:[0;39m LiveReload server is running on port 35729
[2m2022-05-21 16:12:23.159[0;39m [32m INFO[0;39m [35m11828[0;39m [2m---[0;39m [2m[  restartedMain][0;39m [36mo.a.coyote.http11.Http11NioProtocol     [0;39m [2m:[0;39m Starting ProtocolHandler ["http-nio-9999"]
[2m2022-05-21 16:12:23.161[0;39m [32m INFO[0;39m [35m11828[0;39m [2m---[0;39m [2m[  restartedMain][0;39m [36mo.s.b.w.embedded.tomcat.TomcatWebServer [0;39m [2m:[0;39m Tomcat started on port(s): 9999 (http) with context path '/happyhouse'
[2m2022-05-21 16:12:23.212[0;39m [32m INFO[0;39m [35m11828[0;39m [2m---[0;39m [2m[  restartedMain][0;39m [36mcom.ssafy.happyhouse.VueApiApplication  [0;39m [2m:[0;39m Started VueApiApplication in 0.545 seconds (JVM running for 736.337)
[2m2022-05-21 16:12:23.213[0;39m [32m INFO[0;39m [35m11828[0;39m [2m---[0;39m [2m[  restartedMain][0;39m [36m.ConditionEvaluationDeltaLoggingListener[0;39m [2m:[0;39m Condition evaluation unchanged
[2m2022-05-21 16:12:30.875[0;39m [32m INFO[0;39m [35m11828[0;39m [2m---[0;39m [2m[  restartedMain][0;39m [36mcom.ssafy.happyhouse.VueApiApplication  [0;39m [2m:[0;39m Starting VueApiApplication using Java 1.8.0_192 on cheol with PID 11828 (C:\SSAFY\workspace\06_Spring_01\HHAPI\target\classes started by cheol in C:\SSAFY\workspace\06_Spring_01\HHAPI)
[2m2022-05-21 16:12:30.875[0;39m [32m INFO[0;39m [35m11828[0;39m [2m---[0;39m [2m[  restartedMain][0;39m [36mcom.ssafy.happyhouse.VueApiApplication  [0;39m [2m:[0;39m No active profile set, falling back to 1 default profile: "default"
[2m2022-05-21 16:12:31.188[0;39m [32m INFO[0;39m [35m11828[0;39m [2m---[0;39m [2m[  restartedMain][0;39m [36mo.s.b.w.embedded.tomcat.TomcatWebServer [0;39m [2m:[0;39m Tomcat initialized with port(s): 9999 (http)
[2m2022-05-21 16:12:31.188[0;39m [32m INFO[0;39m [35m11828[0;39m [2m---[0;39m [2m[  restartedMain][0;39m [36mo.a.coyote.http11.Http11NioProtocol     [0;39m [2m:[0;39m Initializing ProtocolHandler ["http-nio-9999"]
[2m2022-05-21 16:12:31.189[0;39m [32m INFO[0;39m [35m11828[0;39m [2m---[0;39m [2m[  restartedMain][0;39m [36mo.apache.catalina.core.StandardService  [0;39m [2m:[0;39m Starting service [Tomcat]
[2m2022-05-21 16:12:31.189[0;39m [32m INFO[0;39m [35m11828[0;39m [2m---[0;39m [2m[  restartedMain][0;39m [36morg.apache.catalina.core.StandardEngine [0;39m [2m:[0;39m Starting Servlet engine: [Apache Tomcat/9.0.62]
[2m2022-05-21 16:12:31.205[0;39m [32m INFO[0;39m [35m11828[0;39m [2m---[0;39m [2m[  restartedMain][0;39m [36mo.a.c.c.C.[.[localhost].[/happyhouse]   [0;39m [2m:[0;39m Initializing Spring embedded WebApplicationContext
[2m2022-05-21 16:12:31.205[0;39m [32m INFO[0;39m [35m11828[0;39m [2m---[0;39m [2m[  restartedMain][0;39m [36mw.s.c.ServletWebServerApplicationContext[0;39m [2m:[0;39m Root WebApplicationContext: initialization completed in 328 ms
[2m2022-05-21 16:12:31.322[0;39m [32m INFO[0;39m [35m11828[0;39m [2m---[0;39m [2m[  restartedMain][0;39m [36mo.s.b.d.a.OptionalLiveReloadServer      [0;39m [2m:[0;39m LiveReload server is running on port 35729
[2m2022-05-21 16:12:31.358[0;39m [32m INFO[0;39m [35m11828[0;39m [2m---[0;39m [2m[  restartedMain][0;39m [36mo.a.coyote.http11.Http11NioProtocol     [0;39m [2m:[0;39m Starting ProtocolHandler ["http-nio-9999"]
[2m2022-05-21 16:12:31.360[0;39m [32m INFO[0;39m [35m11828[0;39m [2m---[0;39m [2m[  restartedMain][0;39m [36mo.s.b.w.embedded.tomcat.TomcatWebServer [0;39m [2m:[0;39m Tomcat started on port(s): 9999 (http) with context path '/happyhouse'
[2m2022-05-21 16:12:31.413[0;39m [32m INFO[0;39m [35m11828[0;39m [2m---[0;39m [2m[  restartedMain][0;39m [36mcom.ssafy.happyhouse.VueApiApplication  [0;39m [2m:[0;39m Started VueApiApplication in 0.564 seconds (JVM running for 744.539)
[2m2022-05-21 16:12:31.414[0;39m [32m INFO[0;39m [35m11828[0;39m [2m---[0;39m [2m[  restartedMain][0;39m [36m.ConditionEvaluationDeltaLoggingListener[0;39m [2m:[0;39m Condition evaluation unchanged
[2m2022-05-21 16:12:57.331[0;39m [32m INFO[0;39m [35m11828[0;39m [2m---[0;39m [2m[  restartedMain][0;39m [36mcom.ssafy.happyhouse.VueApiApplication  [0;39m [2m:[0;39m Starting VueApiApplication using Java 1.8.0_192 on cheol with PID 11828 (C:\SSAFY\workspace\06_Spring_01\HHAPI\target\classes started by cheol in C:\SSAFY\workspace\06_Spring_01\HHAPI)
[2m2022-05-21 16:12:57.331[0;39m [32m INFO[0;39m [35m11828[0;39m [2m---[0;39m [2m[  restartedMain][0;39m [36mcom.ssafy.happyhouse.VueApiApplication  [0;39m [2m:[0;39m No active profile set, falling back to 1 default profile: "default"
[2m2022-05-21 16:12:57.675[0;39m [32m INFO[0;39m [35m11828[0;39m [2m---[0;39m [2m[  restartedMain][0;39m [36mo.s.b.w.embedded.tomcat.TomcatWebServer [0;39m [2m:[0;39m Tomcat initialized with port(s): 9999 (http)
[2m2022-05-21 16:12:57.676[0;39m [32m INFO[0;39m [35m11828[0;39m [2m---[0;39m [2m[  restartedMain][0;39m [36mo.a.coyote.http11.Http11NioProtocol     [0;39m [2m:[0;39m Initializing ProtocolHandler ["http-nio-9999"]
[2m2022-05-21 16:12:57.676[0;39m [32m INFO[0;39m [35m11828[0;39m [2m---[0;39m [2m[  restartedMain][0;39m [36mo.apache.catalina.core.StandardService  [0;39m [2m:[0;39m Starting service [Tomcat]
[2m2022-05-21 16:12:57.676[0;39m [32m INFO[0;39m [35m11828[0;39m [2m---[0;39m [2m[  restartedMain][0;39m [36morg.apache.catalina.core.StandardEngine [0;39m [2m:[0;39m Starting Servlet engine: [Apache Tomcat/9.0.62]
[2m2022-05-21 16:12:57.692[0;39m [32m INFO[0;39m [35m11828[0;39m [2m---[0;39m [2m[  restartedMain][0;39m [36mo.a.c.c.C.[.[localhost].[/happyhouse]   [0;39m [2m:[0;39m Initializing Spring embedded WebApplicationContext
[2m2022-05-21 16:12:57.692[0;39m [32m INFO[0;39m [35m11828[0;39m [2m---[0;39m [2m[  restartedMain][0;39m [36mw.s.c.ServletWebServerApplicationContext[0;39m [2m:[0;39m Root WebApplicationContext: initialization completed in 359 ms
[2m2022-05-21 16:12:57.808[0;39m [32m INFO[0;39m [35m11828[0;39m [2m---[0;39m [2m[  restartedMain][0;39m [36mo.s.b.d.a.OptionalLiveReloadServer      [0;39m [2m:[0;39m LiveReload server is running on port 35729
[2m2022-05-21 16:12:57.843[0;39m [32m INFO[0;39m [35m11828[0;39m [2m---[0;39m [2m[  restartedMain][0;39m [36mo.a.coyote.http11.Http11NioProtocol     [0;39m [2m:[0;39m Starting ProtocolHandler ["http-nio-9999"]
[2m2022-05-21 16:12:57.845[0;39m [32m INFO[0;39m [35m11828[0;39m [2m---[0;39m [2m[  restartedMain][0;39m [36mo.s.b.w.embedded.tomcat.TomcatWebServer [0;39m [2m:[0;39m Tomcat started on port(s): 9999 (http) with context path '/happyhouse'
[2m2022-05-21 16:12:57.895[0;39m [32m INFO[0;39m [35m11828[0;39m [2m---[0;39m [2m[  restartedMain][0;39m [36mcom.ssafy.happyhouse.VueApiApplication  [0;39m [2m:[0;39m Started VueApiApplication in 0.591 seconds (JVM running for 771.02)
[2m2022-05-21 16:12:57.896[0;39m [32m INFO[0;39m [35m11828[0;39m [2m---[0;39m [2m[  restartedMain][0;39m [36m.ConditionEvaluationDeltaLoggingListener[0;39m [2m:[0;39m Condition evaluation unchanged
[2m2022-05-21 16:13:16.729[0;39m [32m INFO[0;39m [35m11828[0;39m [2m---[0;39m [2m[  restartedMain][0;39m [36mcom.ssafy.happyhouse.VueApiApplication  [0;39m [2m:[0;39m Starting VueApiApplication using Java 1.8.0_192 on cheol with PID 11828 (C:\SSAFY\workspace\06_Spring_01\HHAPI\target\classes started by cheol in C:\SSAFY\workspace\06_Spring_01\HHAPI)
[2m2022-05-21 16:13:16.730[0;39m [32m INFO[0;39m [35m11828[0;39m [2m---[0;39m [2m[  restartedMain][0;39m [36mcom.ssafy.happyhouse.VueApiApplication  [0;39m [2m:[0;39m No active profile set, falling back to 1 default profile: "default"
[2m2022-05-21 16:13:17.037[0;39m [32m INFO[0;39m [35m11828[0;39m [2m---[0;39m [2m[  restartedMain][0;39m [36mo.s.b.w.embedded.tomcat.TomcatWebServer [0;39m [2m:[0;39m Tomcat initialized with port(s): 9999 (http)
[2m2022-05-21 16:13:17.037[0;39m [32m INFO[0;39m [35m11828[0;39m [2m---[0;39m [2m[  restartedMain][0;39m [36mo.a.coyote.http11.Http11NioProtocol     [0;39m [2m:[0;39m Initializing ProtocolHandler ["http-nio-9999"]
[2m2022-05-21 16:13:17.038[0;39m [32m INFO[0;39m [35m11828[0;39m [2m---[0;39m [2m[  restartedMain][0;39m [36mo.apache.catalina.core.StandardService  [0;39m [2m:[0;39m Starting service [Tomcat]
[2m2022-05-21 16:13:17.038[0;39m [32m INFO[0;39m [35m11828[0;39m [2m---[0;39m [2m[  restartedMain][0;39m [36morg.apache.catalina.core.StandardEngine [0;39m [2m:[0;39m Starting Servlet engine: [Apache Tomcat/9.0.62]
[2m2022-05-21 16:13:17.052[0;39m [32m INFO[0;39m [35m11828[0;39m [2m---[0;39m [2m[  restartedMain][0;39m [36mo.a.c.c.C.[.[localhost].[/happyhouse]   [0;39m [2m:[0;39m Initializing Spring embedded WebApplicationContext
[2m2022-05-21 16:13:17.052[0;39m [32m INFO[0;39m [35m11828[0;39m [2m---[0;39m [2m[  restartedMain][0;39m [36mw.s.c.ServletWebServerApplicationContext[0;39m [2m:[0;39m Root WebApplicationContext: initialization completed in 321 ms
[2m2022-05-21 16:13:17.181[0;39m [32m INFO[0;39m [35m11828[0;39m [2m---[0;39m [2m[  restartedMain][0;39m [36mo.s.b.d.a.OptionalLiveReloadServer      [0;39m [2m:[0;39m LiveReload server is running on port 35729
[2m2022-05-21 16:13:17.224[0;39m [32m INFO[0;39m [35m11828[0;39m [2m---[0;39m [2m[  restartedMain][0;39m [36mo.a.coyote.http11.Http11NioProtocol     [0;39m [2m:[0;39m Starting ProtocolHandler ["http-nio-9999"]
[2m2022-05-21 16:13:17.225[0;39m [32m INFO[0;39m [35m11828[0;39m [2m---[0;39m [2m[  restartedMain][0;39m [36mo.s.b.w.embedded.tomcat.TomcatWebServer [0;39m [2m:[0;39m Tomcat started on port(s): 9999 (http) with context path '/happyhouse'
[2m2022-05-21 16:13:17.275[0;39m [32m INFO[0;39m [35m11828[0;39m [2m---[0;39m [2m[  restartedMain][0;39m [36mcom.ssafy.happyhouse.VueApiApplication  [0;39m [2m:[0;39m Started VueApiApplication in 0.574 seconds (JVM running for 790.4)
[2m2022-05-21 16:13:17.276[0;39m [32m INFO[0;39m [35m11828[0;39m [2m---[0;39m [2m[  restartedMain][0;39m [36m.ConditionEvaluationDeltaLoggingListener[0;39m [2m:[0;39m Condition evaluation unchanged
[2m2022-05-21 16:19:24.757[0;39m [32m INFO[0;39m [35m11828[0;39m [2m---[0;39m [2m[nio-9999-exec-1][0;39m [36mo.a.c.c.C.[.[localhost].[/happyhouse]   [0;39m [2m:[0;39m Initializing Spring DispatcherServlet 'dispatcherServlet'
[2m2022-05-21 16:19:24.758[0;39m [32m INFO[0;39m [35m11828[0;39m [2m---[0;39m [2m[nio-9999-exec-1][0;39m [36mo.s.web.servlet.DispatcherServlet       [0;39m [2m:[0;39m Initializing Servlet 'dispatcherServlet'
[2m2022-05-21 16:19:24.759[0;39m [32m INFO[0;39m [35m11828[0;39m [2m---[0;39m [2m[nio-9999-exec-1][0;39m [36mo.s.web.servlet.DispatcherServlet       [0;39m [2m:[0;39m Completed initialization in 1 ms
[2m2022-05-21 16:19:24.761[0;39m [32m INFO[0;39m [35m11828[0;39m [2m---[0;39m [2m[nio-9999-exec-1][0;39m [36mcom.zaxxer.hikari.HikariDataSource      [0;39m [2m:[0;39m HikariPool-5 - Starting...
[2m2022-05-21 16:19:24.776[0;39m [32m INFO[0;39m [35m11828[0;39m [2m---[0;39m [2m[nio-9999-exec-1][0;39m [36mcom.zaxxer.hikari.HikariDataSource      [0;39m [2m:[0;39m HikariPool-5 - Start completed.
[2m2022-05-21 17:25:33.748[0;39m [32m INFO[0;39m [35m11828[0;39m [2m---[0;39m [2m[nio-9999-exec-9][0;39m [36mc.s.happyhouse.controller.QnAController [0;39m [2m:[0;39m retrieveQnA - 호출
[2m2022-05-21 17:25:34.981[0;39m [32m INFO[0;39m [35m11828[0;39m [2m---[0;39m [2m[io-9999-exec-10][0;39m [36mc.s.happyhouse.controller.QnAController [0;39m [2m:[0;39m retrieveQnA - 호출
[2m2022-05-21 19:32:53.345[0;39m [33m WARN[0;39m [35m11828[0;39m [2m---[0;39m [2m[l-5 housekeeper][0;39m [36mcom.zaxxer.hikari.pool.HikariPool       [0;39m [2m:[0;39m HikariPool-5 - Thread starvation or clock leap detected (housekeeper delta=16m28s505ms318µs600ns).
[2m2022-05-21 22:39:16.005[0;39m [32m INFO[0;39m [35m11828[0;39m [2m---[0;39m [2m[io-9999-exec-10][0;39m [36mo.apache.coyote.http11.Http11Processor  [0;39m [2m:[0;39m Error parsing HTTP request header
 Note: further occurrences of HTTP request parsing errors will be logged at DEBUG level.

java.lang.IllegalArgumentException: Invalid character found in method name [0x050x020x000x02...]. HTTP method names must be tokens
	at org.apache.coyote.http11.Http11InputBuffer.parseRequestLine(Http11InputBuffer.java:419)
	at org.apache.coyote.http11.Http11Processor.service(Http11Processor.java:271)
	at org.apache.coyote.AbstractProcessorLight.process(AbstractProcessorLight.java:65)
	at org.apache.coyote.AbstractProtocol$ConnectionHandler.process(AbstractProtocol.java:890)
	at org.apache.tomcat.util.net.NioEndpoint$SocketProcessor.doRun(NioEndpoint.java:1743)
	at org.apache.tomcat.util.net.SocketProcessorBase.run(SocketProcessorBase.java:49)
	at org.apache.tomcat.util.threads.ThreadPoolExecutor.runWorker(ThreadPoolExecutor.java:1191)
	at org.apache.tomcat.util.threads.ThreadPoolExecutor$Worker.run(ThreadPoolExecutor.java:659)
	at org.apache.tomcat.util.threads.TaskThread$WrappingRunnable.run(TaskThread.java:61)
	at java.lang.Thread.run(Thread.java:748)

[2m2022-05-21 22:54:33.197[0;39m [32m INFO[0;39m [35m11828[0;39m [2m---[0;39m [2m[(430)-127.0.0.1][0;39m [36minMXBeanRegistrar$SpringApplicationAdmin[0;39m [2m:[0;39m Application shutdown requested.
[2m2022-05-21 22:54:33.457[0;39m [32m INFO[0;39m [35m11828[0;39m [2m---[0;39m [2m[(430)-127.0.0.1][0;39m [36mcom.zaxxer.hikari.HikariDataSource      [0;39m [2m:[0;39m HikariPool-5 - Shutdown initiated...
[2m2022-05-21 22:54:33.468[0;39m [32m INFO[0;39m [35m11828[0;39m [2m---[0;39m [2m[(430)-127.0.0.1][0;39m [36mcom.zaxxer.hikari.HikariDataSource      [0;39m [2m:[0;39m HikariPool-5 - Shutdown completed.
